<?xml version="1.0" encoding="UTF-8"?>
<testng-results ignored="1" total="2" passed="1" failed="0" skipped="0">
  <reporter-output>
  </reporter-output>
  <suite started-at="2024-09-30T13:32:39 IST" name="Default suite" finished-at="2024-09-30T13:32:58 IST" duration-ms="18838">
    <groups>
    </groups>
    <test started-at="2024-09-30T13:32:39 IST" name="Default test" finished-at="2024-09-30T13:32:58 IST" duration-ms="18838">
      <class name="SL1_LoginTest">
        <test-method is-config="true" signature="initializeReport()[pri:0, instance:SL1_LoginTest@4b629f13]" started-at="2024-09-30T13:32:39 IST" name="initializeReport" finished-at="2024-09-30T13:32:39 IST" duration-ms="141" status="PASS">
          <reporter-output>
          </reporter-output>
        </test-method> <!-- initializeReport -->
        <test-method is-config="true" signature="getDriver()[pri:0, instance:SL1_LoginTest@4b629f13]" started-at="2024-09-30T13:32:39 IST" name="getDriver" finished-at="2024-09-30T13:32:39 IST" duration-ms="0" status="PASS">
          <reporter-output>
          </reporter-output>
        </test-method> <!-- getDriver -->
        <test-method is-config="true" signature="navigate()[pri:0, instance:SL1_LoginTest@4b629f13]" started-at="2024-09-30T13:32:39 IST" name="navigate" finished-at="2024-09-30T13:32:43 IST" duration-ms="3963" status="PASS">
          <reporter-output>
          </reporter-output>
        </test-method> <!-- navigate -->
        <test-method signature="validLogins()[pri:1, instance:SL1_LoginTest@4b629f13]" started-at="2024-09-30T13:32:43 IST" name="validLogins" finished-at="2024-09-30T13:32:57 IST" duration-ms="14035" status="PASS">
          <reporter-output>
          </reporter-output>
        </test-method> <!-- validLogins -->
        <test-method is-config="true" signature="quitDriver()[pri:0, instance:SL1_LoginTest@4b629f13]" started-at="2024-09-30T13:32:57 IST" name="quitDriver" finished-at="2024-09-30T13:32:57 IST" duration-ms="251" status="PASS">
          <reporter-output>
          </reporter-output>
        </test-method> <!-- quitDriver -->
        <test-method is-config="true" signature="showReport()[pri:0, instance:SL1_LoginTest@4b629f13]" started-at="2024-09-30T13:32:57 IST" name="showReport" finished-at="2024-09-30T13:32:58 IST" duration-ms="427" status="PASS">
          <reporter-output>
          </reporter-output>
        </test-method> <!-- showReport -->
      </class> <!-- SL1_LoginTest -->
    </test> <!-- Default test -->
  </suite> <!-- Default suite -->
</testng-results>
